[21:13:12] [main/INFO]: Loading for game Minecraft 1.15.2
[21:13:12] [main/INFO]: Fabric is preparing JARs on first launch, this may take a few seconds...
[21:13:17] [main/INFO]: [FabricLoader] Loading 38 mods: minecraft@1.15.2, fabric-renderer-api-v1@0.2.10+f08b61330c, fabric-networking-blockentity-v0@0.2.3+e08a73050c, fabric-keybindings-v0@0.1.1+dfdb52d60c, modmenu@1.10.2+build.32, fabricloader@0.8.2+build.194, fabric-tool-attribute-api-v1@1.0.2+915c44630c, fabric-renderer-indigo@0.2.23+9290e2ed0c, fabric-containers-v0@0.1.3+b7f9825d0c, fabric-dimensions-v1@0.3.0+2ad156310c, fabric-biomes-v1@0.1.5+3b05f68e0c, fabric-crash-report-info-v1@0.1.2+b7f9825d0c, fabric-events-interaction-v0@0.3.0+fac69e320c, fabric-api-base@0.1.2+b7f9825d0c, fabric-rendering-v0@1.1.0+534104900c, fabric-rendering-v1@0.1.0+003643510c, fabric-rendering-data-attachment-v1@0.1.3+b7f9825d0c, fabric-resource-loader-v0@0.1.10+06c939b30c, malilib@0.10.0-dev.20+arne.6, fabric-textures-v0@1.0.4+821cdba70c, fabric-content-registries-v0@0.1.3+b7f9825d0c, fabric-tag-extensions-v0@0.1.3+abd915800c, fabric-rendering-fluids-v1@0.1.6+12515ed90c, fabric-registry-sync-v0@0.2.6+f3d8141b0c, fabric-commands-v0@0.1.2+b7f9825d0c, fabric-blockrenderlayer-v1@1.1.4+c6a8ea890c, fabric-mining-levels-v0@0.1.2+ec951ea40c, fabric-renderer-registries-v1@2.0.1+5a0f9a600c, fabric-climbable-api-v1@1.0.0+e40501d40c, minihud@0.19.0-dev.20200121.203515, fabric-loot-tables-v1@0.1.5+e08a73050c, fabric-events-lifecycle-v0@0.1.2+003643510c, fabric@0.7.1+build.301-1.15, fabric-models-v0@0.1.0+dfdb52d60c, fabric-particles-v1@0.1.2+ad2f81bd0c, fabric-item-groups-v0@0.1.6+ec40b2e10c, fabric-networking-v0@0.1.7+003643510c, fabric-object-builders-v0@0.1.4+ec951ea40c
[21:13:17] [main/INFO]: SpongePowered MIXIN Subsystem Version=0.8 Source=file:/E:/Modded%20Minecraft/MultiMC/libraries/net/fabricmc/sponge-mixin/0.8+build.18/sponge-mixin-0.8+build.18.jar Service=Knot/Fabric Env=CLIENT
[21:13:19] [main/INFO]: Setting user: Mr_Bonito
[21:13:21] [main/INFO]: [Indigo] Registering Indigo renderer!
[21:13:22] [main/INFO]: Backend library: LWJGL version 3.2.2 build 10
[21:13:24] [main/INFO]: Narrator library for x64 successfully loaded
[21:13:24] [main/INFO]: Reloading ResourceManager: Default, Fabric Renderer API (v1), Fabric Networking Block Entity (v0), Fabric Key Bindings (v0), Mod Menu, Fabric Tool Attribute API (v1), Fabric Renderer - Indigo, Fabric Containers (v0), Fabric Biomes (v1), Fabric Crash Report Info (v1), Fabric Events Interaction (v0), Fabric API Base, Fabric Rendering (v0), Fabric Rendering (v1), Fabric Rendering Data Attachment (v1), Fabric Resource Loader (v0), MaLiLib, Fabric Textures (v0), Fabric Content Registries (v0), Fabric Tag Extensions (v0), Fabric Rendering Fluids (v1), Fabric Registry Sync (v0), Fabric Commands (v0), Fabric BlockRenderLayer Registration (v1), Fabric Mining Levels (v0), Fabric Renderer Registries (v1), MiniHUD, Fabric Loot Tables (v1), Fabric Events Lifecycle (v0), Fabric API, Fabric Models (v0), Fabric Item Groups (v0), Fabric Networking (v0), Fabric Object Builders (v0)
[21:13:29] [main/INFO]: OpenAL initialized.
[21:13:29] [main/INFO]: Sound engine started
[21:13:29] [main/INFO]: Created: 1024x1024x4 minecraft:textures/atlas/blocks.png-atlas
[21:13:29] [main/INFO]: Created: 256x128x4 minecraft:textures/atlas/signs.png-atlas
[21:13:29] [main/INFO]: Created: 1024x512x4 minecraft:textures/atlas/banner_patterns.png-atlas
[21:13:29] [main/INFO]: Created: 1024x512x4 minecraft:textures/atlas/shield_patterns.png-atlas
[21:13:29] [main/INFO]: Created: 256x256x4 minecraft:textures/atlas/chest.png-atlas
[21:13:29] [main/INFO]: Created: 512x256x4 minecraft:textures/atlas/beds.png-atlas
[21:13:29] [main/INFO]: Created: 512x256x4 minecraft:textures/atlas/shulker_boxes.png-atlas
[21:13:30] [main/INFO]: Created: 256x256x0 minecraft:textures/atlas/particles.png-atlas
[21:13:30] [main/INFO]: Created: 256x256x0 minecraft:textures/atlas/paintings.png-atlas
[21:13:30] [main/INFO]: Created: 256x128x0 minecraft:textures/atlas/mob_effects.png-atlas
[21:13:38] [main/INFO]: Stopping!
